2022-02-14 01:41:29,437 - pyswarms.discrete.binary - INFO - Optimize for 100 iters with {'c1': 1.4, 'c2': 1.4, 'w': 0.72, 'k': 20, 'p': 2}
2022-02-14 01:42:06,069 - pyswarms.discrete.binary - INFO - Optimize for 100 iters with {'c1': 1.4, 'c2': 1.4, 'w': 0.72, 'k': 20, 'p': 2}
2022-02-14 01:42:29,768 - pyswarms.discrete.binary - INFO - Optimize for 100 iters with {'c1': 1.4, 'c2': 1.4, 'w': 0.72, 'k': 20, 'p': 2}
2022-02-14 01:52:07,725 - pyswarms.discrete.binary - INFO - Optimize for 100 iters with {'c1': 1.6, 'c2': 1.4, 'w': 0.72, 'k': 20, 'p': 2}
2022-02-14 01:52:24,334 - pyswarms.discrete.binary - INFO - Optimize for 100 iters with {'c1': 1.6, 'c2': 1.4, 'w': 0.72, 'k': 20, 'p': 2}
2022-02-14 01:53:30,386 - pyswarms.discrete.binary - INFO - Optimize for 100 iters with {'c1': 1.6, 'c2': 1.4, 'w': 0.72, 'k': 20, 'p': 2}
2022-02-14 01:54:02,004 - pyswarms.discrete.binary - INFO - Optimize for 100 iters with {'c1': 1.6, 'c2': 1.4, 'w': 0.72, 'k': 20, 'p': 2}
2022-02-14 01:54:09,746 - pyswarms.discrete.binary - INFO - Optimize for 100 iters with {'c1': 1.6, 'c2': 1.4, 'w': 0.72, 'k': 20, 'p': 2}
2022-02-14 01:54:38,378 - pyswarms.discrete.binary - INFO - Optimize for 100 iters with {'c1': 1.6, 'c2': 1.4, 'w': 0.72, 'k': 20, 'p': 2}
2022-02-14 01:55:36,457 - pyswarms.discrete.binary - INFO - Optimize for 100 iters with {'c1': 1.6, 'c2': 1.4, 'w': 0.72, 'k': 20, 'p': 2}
2022-02-14 01:56:17,777 - pyswarms.discrete.binary - INFO - Optimize for 100 iters with {'c1': 1.6, 'c2': 1.4, 'w': 0.72, 'k': 20, 'p': 2}
2022-02-14 01:56:29,058 - pyswarms.discrete.binary - INFO - Optimization finished | best cost: 0.08737864077669899, best pos: [0 0 0 0 0 1]
2022-02-14 01:58:00,851 - pyswarms.discrete.binary - INFO - Optimize for 100 iters with {'c1': 1.6, 'c2': 1.4, 'w': 0.8, 'k': 20, 'p': 2}
2022-02-14 01:58:13,538 - pyswarms.discrete.binary - INFO - Optimization finished | best cost: 0.08737864077669899, best pos: [0 0 0 0 0 0 0 1]
2022-02-14 02:01:29,332 - pyswarms.discrete.binary - INFO - Optimize for 100 iters with {'c1': 1.4, 'c2': 1.6, 'w': 0.8, 'k': 20, 'p': 2}
2022-02-14 02:01:41,958 - pyswarms.discrete.binary - INFO - Optimization finished | best cost: 0.08737864077669899, best pos: [0 0 0 0 0 0 0 1]
2022-02-14 02:04:18,497 - pyswarms.discrete.binary - INFO - Optimize for 100 iters with {'c1': 1.4, 'c2': 1.4, 'w': 0.72, 'k': 20, 'p': 2}
2022-02-14 02:04:29,487 - pyswarms.discrete.binary - INFO - Optimization finished | best cost: 0.11418082524271841, best pos: [0 0 1 0 0 1 1 0 0 1 1 1 1 0 1 1 0 1 0 0 1 0 0 1 1 0 0 0 1 0 0 0 1 0 0 0 1
 1 1 0 1 1 0 1 0 0 1 0 0 1 0 0 1 0 0 1 1 1 0 1 1 1 0 1 1 0 0 1 0 0 0 0 1 1
 1 0 1 0 0 1 1 0 0 0 1 1 0 1 0 1 0 1 0 1 0 0 1 1 1 1 1 1 1 1 1 0 1 0 1 0 1
 0 0 0 1 1 0 1 1 1 1 1 0 0 1 0 1 0 1 1 1 1 0 0 0 1 1 0 0 1 1 1 1 0 1 1 1 1
 1 1 1 0 0 0 0 0 1 0 1 0 1 0 0 1 0 0 0 1 0 1 0 0 0 0 0 1 0 1 1 0 0 1 1 1 1
 1 1 1 0 1 1 0 0 0 1 1 1 1 0 0 0 1 1 1 0 0 1 0 1 0 0 1 0 1 1 1 1 1 1 0 1 0
 0 1 1 1 1 0 1 1 0 0 0 1 1 1 1 0 0 1 1 0 1 1 1 1 0 0 1 1 1 0 1 1 0 1]
2022-02-14 02:04:43,828 - pyswarms.discrete.binary - INFO - Optimize for 100 iters with {'c1': 1.4, 'c2': 1.6, 'w': 0.8, 'k': 20, 'p': 2}
2022-02-14 02:04:55,201 - pyswarms.discrete.binary - INFO - Optimization finished | best cost: 0.06796116504854366, best pos: [0 0 0 0 0 0 0 1]
2022-02-14 02:06:12,668 - pyswarms.discrete.binary - INFO - Optimize for 100 iters with {'c1': 1.4, 'c2': 1.6, 'w': 0.8, 'k': 20, 'p': 2}
2022-02-14 02:06:34,191 - pyswarms.discrete.binary - INFO - Optimize for 100 iters with {'c1': 1.4, 'c2': 1.6, 'w': 0.8, 'k': 20, 'p': 2}
2022-02-14 02:06:55,320 - pyswarms.discrete.binary - INFO - Optimize for 100 iters with {'c1': 1.4, 'c2': 1.6, 'w': 0.8, 'k': 20, 'p': 2}
2022-02-14 02:07:06,936 - pyswarms.discrete.binary - INFO - Optimization finished | best cost: 0.06796116504854366, best pos: [0 0 0 0 0 0 0 1]
2022-02-14 02:10:46,742 - pyswarms.discrete.binary - INFO - Optimize for 100 iters with {'c1': 1.4, 'c2': 1.4, 'w': 0.72, 'k': 20, 'p': 2}
2022-02-14 02:11:12,869 - pyswarms.discrete.binary - INFO - Optimize for 100 iters with {'c1': 1.4, 'c2': 1.4, 'w': 0.72, 'k': 20, 'p': 2}
2022-02-14 02:11:23,491 - pyswarms.discrete.binary - INFO - Optimization finished | best cost: 0.10423088592233007, best pos: [0 1 0 1 1 1 0 0 1 0 1 0 1 0 1 1 1 1 1 0 1 1 0 1 1 1 1 0 1 0 0 0 1 1 1 0 1
 1 1 0 1 1 0 1 0 1 0 0 1 0 1 0 0 1 0 0 1 1 1 0 1 1 0 0 1 1 0 1 1 1 0 1 1 0
 0 0 0 1 1 0 0 0 1 0 0 0 0 1 1 0 0 1 1 1 0 1 0 0 1 0 0 1 1 0 0 1 1 1 1 1 1
 1 1 0 0 1 0 1 1 1 1 1 0 0 1 1 1 1 1 1 1 1 0 0 1 0 0 0 1 1 0 0 1 1 1 1 1 0
 0 1 0 1 1 0 1 1 0 0 1 1 0 0 1 1 1 1 0 1 1 0 0 0 1 0 1 1 1 1 0 1 1 0 1 0 0
 0 0 0 0 0 0 1 0 0 1 0 1 0 0 1 1 1 1 1 1 0 1 0 0 1 0 0 1 0 0 0 1 0 1 1 0 0
 0 1 1 0 1 1 1 1 0 1 1 1 1 1 0 0 1 0 1 1 1 0 0 1 1 0 0 1 1 0 0 1 1 0]
2022-02-14 02:11:44,199 - pyswarms.discrete.binary - INFO - Optimize for 100 iters with {'c1': 1.4, 'c2': 1.6, 'w': 0.8, 'k': 20, 'p': 2}
2022-02-14 02:14:05,239 - pyswarms.discrete.binary - INFO - Optimize for 100 iters with {'c1': 1.4, 'c2': 1.6, 'w': 0.8, 'k': 20, 'p': 2}
2022-02-14 02:14:45,395 - pyswarms.discrete.binary - INFO - Optimize for 100 iters with {'c1': 1.4, 'c2': 1.6, 'w': 0.8, 'k': 20, 'p': 2}
2022-02-14 02:15:32,535 - pyswarms.discrete.binary - INFO - Optimization finished | best cost: 0.07317073170731703, best pos: [0 0 0 0 0 0 0 1]
2022-02-14 02:20:04,472 - pyswarms.discrete.binary - INFO - Optimize for 100 iters with {'c1': 1.4, 'c2': 1.6, 'w': 0.8, 'k': 20, 'p': 2}
2022-02-14 02:20:27,611 - pyswarms.discrete.binary - INFO - Optimize for 100 iters with {'c1': 1.4, 'c2': 1.6, 'w': 0.8, 'k': 20, 'p': 2}
2022-02-14 02:20:53,483 - pyswarms.discrete.binary - INFO - Optimize for 100 iters with {'c1': 1.4, 'c2': 1.6, 'w': 0.8, 'k': 20, 'p': 2}
2022-02-14 02:21:45,270 - pyswarms.discrete.binary - INFO - Optimization finished | best cost: 0.07317073170731703, best pos: [0 0 0 0 0 0 1 1]
2022-02-14 02:22:30,085 - pyswarms.discrete.binary - INFO - Optimize for 100 iters with {'c1': 1.4, 'c2': 1.6, 'w': 0.8, 'k': 20, 'p': 2}
2022-02-14 02:23:27,135 - pyswarms.discrete.binary - INFO - Optimization finished | best cost: 0.03676470588235292, best pos: [0 0 0 0 0 0 0 1]
2022-02-14 02:25:02,583 - pyswarms.discrete.binary - INFO - Optimize for 100 iters with {'c1': 1.4, 'c2': 1.6, 'w': 0.8, 'k': 20, 'p': 2}
2022-02-14 02:25:27,497 - pyswarms.discrete.binary - INFO - Optimize for 100 iters with {'c1': 1.4, 'c2': 1.6, 'w': 0.8, 'k': 20, 'p': 2}
2022-02-14 02:25:39,442 - pyswarms.discrete.binary - INFO - Optimization finished | best cost: 0.058252427184465994, best pos: [0 0 0 0 0 0 0 1]
2022-02-14 02:25:44,919 - pyswarms.discrete.binary - INFO - Optimize for 100 iters with {'c1': 1.6, 'c2': 1.4, 'w': 0.8, 'k': 20, 'p': 2}
2022-02-14 02:25:58,740 - pyswarms.discrete.binary - INFO - Optimization finished | best cost: 0.058252427184465994, best pos: [0 0 0 0 0 0 0 1]
2022-02-14 02:34:20,311 - pyswarms.discrete.binary - INFO - Optimize for 100 iters with {'c1': 1.6, 'c2': 1.4, 'w': 0.8, 'k': 20, 'p': 2}
2022-02-14 02:34:32,597 - pyswarms.discrete.binary - INFO - Optimization finished | best cost: 0.058252427184465994, best pos: [0 0 0 0 0 0 0 1]
2022-02-14 02:35:19,724 - pyswarms.discrete.binary - INFO - Optimize for 100 iters with {'c1': 1.6, 'c2': 1.4, 'w': 0.8, 'k': 20, 'p': 2}
2022-02-14 02:35:31,863 - pyswarms.discrete.binary - INFO - Optimization finished | best cost: 0.058252427184465994, best pos: [0 0 0 0 0 0 0 1]
2022-02-14 02:36:29,964 - pyswarms.discrete.binary - INFO - Optimize for 100 iters with {'c1': 2, 'c2': 1.2, 'w': 0.4, 'k': 10, 'p': 2}
2022-02-14 02:36:43,514 - pyswarms.discrete.binary - INFO - Optimization finished | best cost: 0.058252427184465994, best pos: [0 0 0 0 0 0 0 1]
2022-02-14 02:37:54,051 - pyswarms.discrete.binary - INFO - Optimize for 500 iters with {'c1': 2, 'c2': 1.2, 'w': 0.4, 'k': 50, 'p': 2}
2022-02-14 02:40:19,969 - pyswarms.discrete.binary - INFO - Optimization finished | best cost: 0.058252427184465994, best pos: [0 0 0 0 0 0 0 1]
2022-02-14 02:42:26,417 - pyswarms.discrete.binary - INFO - Optimize for 100 iters with {'c1': 1.4, 'c2': 1.4, 'w': 0.72, 'k': 20, 'p': 2}
2022-02-14 02:42:40,766 - pyswarms.discrete.binary - INFO - Optimization finished | best cost: 0.16299302184466014, best pos: [0 0 0 1 1 0 1 1 0 1 0 1 1 0 0 1 1 1 0 0 0 1 0 0 1 1 1 1 1 1 0 0 1 1 1 0 1
 1 0 1 0 1 0 0 0 1 1 1 1 0 0 0 1 1 0 1 1 0 1 1 1 1 1 1 1 0 0 1 0 0 0 0 1 0
 1 0 1 1 1 1 0 1 0 1 0 0 1 0 0 1 1 0 0 0 0 1 1 0 0 1 1 0 0 1 1 1 1 0 1 1 0
 1 1 0 0 0 1 1 0 0 1 0 0 0 0 0 0 0 0 1 0 1 1 1 0 0 0 0 0 0 0 0 0 0 0 1 0 1
 1 0 1 1 1 0 0 1 1 0 0 0 1 1 0 1 1 0 0 1 0 0 1 1 1 0 0 0 1 1 0 0 0 0 1 0 1
 1 0 1 1 0 0 0 0 1 0 0 1 0 0 1 0 1 1 1 1 1 1 0 0 1 0 0 0 1 0 1 0 1 1 1 1 0
 1 1 1 1 1 1 0 0 0 0 0 0 1 0 1 0 1 0 1 1 0 0 0 1 0 1 0 1 1 1 1 1 0 0]
2022-02-14 02:43:24,267 - pyswarms.discrete.binary - INFO - Optimize for 100 iters with {'c1': 1.4, 'c2': 1.4, 'w': 0.72, 'k': 20, 'p': 2}
2022-02-14 02:43:35,952 - pyswarms.discrete.binary - INFO - Optimization finished | best cost: 0.1659117111650486, best pos: [1 0 1 0 0 1 0 1 0 0 1 0 1 0 0 1 1 1 1 1 1 1 1 0 0 0 1 1 0 1 0 1 1 1 1 1 1
 1 0 1 0 0 0 0 0 1 0 0 1 1 0 0 0 1 1 0 1 0 1 0 1 0 1 0 0 1 0 0 1 1 1 0 0 1
 0 1 0 1 1 1 1 0 1 1 0 1 1 0 1 1 1 1 0 1 0 1 1 1 0 0 1 1 0 0 1 0 0 0 1 1 0
 0 0 0 0 1 0 1 0 1 1 0 0 1 1 0 1 0 0 1 1 0 1 0 0 1 0 1 0 1 0 0 1 0 0 1 1 1
 0 1 1 0 0 0 0 0 1 0 1 0 1 0 1 1 1 0 0 0 0 1 1 1 0 1 1 1 1 1 1 0 1 1 0 0 1
 1 0 0 0 1 1 1 1 1 0 0 1 0 1 0 1 1 0 1 0 1 0 1 0 0 1 0 1 1 0 1 1 1 0 1 0 1
 1 0 1 1 0 1 1 0 0 0 0 0 1 0 1 0 1 0 1 1 1 0 1 1 1 1 1 0 0 1 1 1 1 0]
2022-02-14 02:43:59,181 - pyswarms.discrete.binary - INFO - Optimize for 100 iters with {'c1': 1.4, 'c2': 1.4, 'w': 0.72, 'k': 20, 'p': 2}
2022-02-14 02:44:10,934 - pyswarms.discrete.binary - INFO - Optimization finished | best cost: 0.1663804611650486, best pos: [0 1 1 1 1 0 1 1 1 1 1 0 0 1 1 1 1 1 0 1 1 1 1 1 1 1 0 1 0 0 0 0 1 0 0 0 1
 0 1 0 1 1 1 1 1 0 0 1 0 1 0 0 1 0 0 0 1 1 1 0 1 1 1 0 0 1 1 1 0 1 0 0 1 0
 1 1 0 0 0 0 0 0 1 0 1 0 1 1 0 1 1 0 0 1 0 0 1 1 1 0 0 0 0 0 1 1 1 0 1 1 0
 1 1 0 1 0 1 1 0 0 1 0 0 1 0 1 1 0 1 0 0 1 1 0 1 1 0 0 0 1 0 1 1 0 1 1 1 0
 0 1 1 0 1 1 0 0 1 0 1 1 1 0 1 0 0 0 1 0 1 0 0 1 0 0 0 0 0 1 0 0 1 1 0 1 1
 1 1 0 1 0 1 1 1 1 0 0 0 1 1 0 1 0 1 1 1 1 0 0 1 0 1 1 1 0 1 1 0 1 0 0 1 0
 1 0 1 1 1 0 0 0 0 0 1 0 1 1 1 1 0 0 1 0 0 1 1 0 1 1 1 0 1 0 0 1 0 1]
2022-02-14 02:44:49,721 - pyswarms.discrete.binary - INFO - Optimize for 150 iters with {'c1': 1.4, 'c2': 1.4, 'w': 0.72, 'k': 20, 'p': 2}
2022-02-14 02:45:07,006 - pyswarms.discrete.binary - INFO - Optimization finished | best cost: 0.15783677184466016, best pos: [0 0 0 0 0 1 0 1 0 1 1 1 1 1 1 1 0 1 1 1 1 0 0 1 0 1 0 1 1 1 0 1 0 1 1 0 0
 1 0 1 1 0 0 1 1 0 1 0 1 1 1 1 1 1 1 0 0 0 1 0 1 0 1 0 1 1 0 0 0 0 1 1 1 1
 0 1 1 1 1 0 0 1 0 0 0 0 0 0 1 0 0 0 0 0 1 0 1 1 1 0 1 1 1 0 0 0 1 1 1 1 1
 1 1 0 1 1 0 1 0 0 1 0 1 1 0 1 1 1 1 1 0 1 0 0 0 0 0 0 1 1 1 0 1 1 0 0 0 0
 1 0 0 0 0 1 0 1 1 1 1 0 0 0 1 0 1 0 1 0 1 0 1 1 0 1 0 1 0 1 0 1 1 0 1 0 0
 1 1 0 0 1 0 1 1 1 0 0 0 1 0 0 1 0 0 1 0 1 0 1 1 1 0 0 1 1 1 1 1 1 0 0 1 0
 0 1 1 1 1 1 1 1 0 0 0 1 1 1 0 1 0 0 1 1 0 1 0 0 0 1 1 0 1 1 0 1 1 0]
2022-02-14 02:45:36,170 - pyswarms.discrete.binary - INFO - Optimize for 150 iters with {'c1': 1.4, 'c2': 1.4, 'w': 0.72, 'k': 20, 'p': 2}
2022-02-14 02:45:53,554 - pyswarms.discrete.binary - INFO - Optimization finished | best cost: 0.15361802184466014, best pos: [0 0 1 0 0 0 1 1 0 0 0 0 1 0 1 1 0 1 1 0 0 0 1 1 1 1 1 0 1 1 0 0 1 0 1 1 0
 1 1 1 0 1 0 1 1 1 1 1 0 1 1 1 0 1 1 1 0 1 0 1 1 0 0 0 1 0 1 1 0 1 0 0 1 1
 0 1 1 1 0 1 0 1 1 0 0 1 1 1 0 1 1 1 1 1 0 0 1 1 0 0 0 1 1 0 1 0 0 1 1 0 0
 0 1 1 0 1 1 0 1 1 1 1 1 1 1 1 1 0 1 1 1 1 0 1 0 0 1 0 1 1 0 1 0 1 0 0 1 1
 1 0 1 0 0 0 1 0 0 1 0 1 0 0 1 1 1 0 0 0 1 0 1 0 1 1 0 0 1 1 0 1 1 0 1 0 1
 0 1 1 0 1 0 1 0 0 0 0 0 1 1 0 0 0 0 0 1 0 1 1 1 1 0 0 1 1 1 1 1 1 0 0 1 0
 1 1 0 1 0 1 1 0 1 1 1 1 1 0 1 1 1 1 1 1 0 0 0 0 1 1 1 0 1 1 0 1 0 1]
2022-02-14 03:13:26,160 - pyswarms.discrete.binary - INFO - Optimize for 150 iters with {'c1': 1.4, 'c2': 1.4, 'w': 0.72, 'k': 20, 'p': 2}
2022-02-14 03:13:43,052 - pyswarms.discrete.binary - INFO - Optimization finished | best cost: 0.17492415048543694, best pos: [0 1 1 0 0 0 1 0 0 1 0 1 0 1 1 0 1 0 1 1 0 1 0 1 1 1 1 1 0 0 0 0 1 0 1 1 0
 1 1 1 0 1 1 1 1 1 1 0 1 1 1 1 0 1 0 1 1 1 0 0 1 0 0 1 1 1 1 0 0 0 1 1 0 0
 1 1 0 1 1 0 1 0 1 1 0 0 1 1 0 0 1 1 0 0 0 1 1 0 0 1 1 1 0 1 0 1 1 1 0 1 0
 1 1 1 0 0 1 0 0 0 1 0 1 1 1 1 0 0 1 1 0 1 0 1 0 0 1 0 1 0 1 1 0 1 1 0 1 0
 0 1 0 0 0 0 0 1 1 1 0 1 1 1 1 1 0 1 1 1 1 1 1 0 0 1 1 0 0 1 0 0 0 0 0 0 0
 1 0 1 0 1 0 0 1 0 1 0 1 0 0 1 0 1 1 0 1 1 0 0 0 0 1 0 0 1 0 0 0 0 1 1 1 0
 0 0 0 0 1 1 0 1 1 1 0 0 1 1 1 0 0 1 0 1 0 1 1 1 1 1 1 1 0 0 1 1 0 1]
2022-02-14 04:06:28,821 - pyswarms.discrete.binary - INFO - Optimize for 500 iters with {'c1': 2, 'c2': 1.2, 'w': 0.4, 'k': 50, 'p': 2}
2022-02-14 04:08:01,050 - pyswarms.discrete.binary - INFO - Optimize for 100 iters with {'c1': 2, 'c2': 1.2, 'w': 0.4, 'k': 50, 'p': 2}
2022-02-14 04:08:32,318 - pyswarms.discrete.binary - INFO - Optimization finished | best cost: 0.12621359223300976, best pos: [0 0 0 0 0 0 0 1]
2022-02-14 04:09:16,523 - pyswarms.discrete.binary - INFO - Optimize for 100 iters with {'c1': 2, 'c2': 1.2, 'w': 0.4, 'k': 50, 'p': 2}
2022-02-14 04:09:46,644 - pyswarms.discrete.binary - INFO - Optimization finished | best cost: 0.09708737864077666, best pos: [0 0 0 0 0 0 0 1]
2022-02-15 11:51:31,061 - pyswarms.discrete.binary - INFO - Optimize for 150 iters with {'c1': 1.4, 'c2': 1.4, 'w': 0.72, 'k': 20, 'p': 2}
2022-02-15 11:51:47,872 - pyswarms.discrete.binary - INFO - Optimization finished | best cost: 0.14350990853658535, best pos: [0 1 0 0 1 1 1 0 1 0 1 0 1 1 1 0 1 1 0 1 0 1 0 0 0 0 1 0 1 1 0 0 1 1 1 1 1
 0 0 0 0 0 1 1 1 1 0 0 0 1 1 1 1 0 1 0 0 1 0 0 1 0 0 0 1 0 1 0 1 0 0 0 1 0
 1 0 1 0 1 1 1 1 0 1 1 1 1 0 0 1 0 1 1 1 1 1 0 0 0 1 0 0 0 1 0 0 1 0 0 1 0
 1 0 0 1 1 1 1 0 1 1 1 1 0 0 0 1 1 1 0 1 1 0 1 1 0 0 0 1 1 0 0 1 0 1 1 0 0
 0 1 1 0 0 0 1 0 1 1 1 0 0 0 0 0 0 1 0 0 0 0 0 0 0 1 1 1 1 0 1 0 0 0 1 1 1
 0 1 0 0 1 1 1 1 1 1 1 0 1 0 1 0 0 0 0 0 1 0 1 1 0 1 1 1 0 0 1 1 1 0 0 1 0
 0 1 1 0 1 1 1 0 1 1 1 0 0 0 1 1 1 1 1 0 0 1 1 0 1 1 1 0 1 1 0 0 1 0]
2022-02-15 12:24:40,702 - pyswarms.discrete.binary - INFO - Optimize for 100 iters with {'c1': 1.6, 'c2': 1.4, 'w': 0.6, 'k': 50, 'p': 2, 'F': 10}
2022-02-15 12:24:56,668 - pyswarms.discrete.binary - INFO - Optimize for 100 iters with {'c1': 1.6, 'c2': 1.4, 'w': 0.6, 'k': 50, 'p': 2, 'F': 10}
2022-02-15 12:30:58,643 - pyswarms.discrete.binary - INFO - Optimize for 100 iters with {'c1': 1.6, 'c2': 1.4, 'w': 0.6, 'k': 30, 'p': 2}
2022-02-15 12:39:47,738 - pyswarms.discrete.binary - INFO - Optimize for 100 iters with {'c1': 1.6, 'c2': 1.4, 'w': 0.6, 'k': 30, 'p': 2}
2022-02-15 12:40:00,852 - pyswarms.discrete.binary - INFO - Optimize for 100 iters with {'c1': 1.6, 'c2': 1.4, 'w': 0.6, 'k': 30, 'p': 2}
2022-02-15 12:40:35,579 - pyswarms.discrete.binary - INFO - Optimization finished | best cost: 0.1585365853658537, best pos: [0 0 0 0 0 0 1]
2022-02-15 12:40:35,608 - pyswarms.discrete.binary - INFO - Optimize for 100 iters with {'c1': 1.6, 'c2': 1.4, 'w': 0.6, 'k': 30, 'p': 2}
2022-02-15 12:41:10,549 - pyswarms.discrete.binary - INFO - Optimization finished | best cost: 0.13414634146341464, best pos: [0 0 0 0 0 0 1]
2022-02-15 12:41:10,574 - pyswarms.discrete.binary - INFO - Optimize for 100 iters with {'c1': 1.6, 'c2': 1.4, 'w': 0.6, 'k': 30, 'p': 2}
2022-02-15 12:41:46,283 - pyswarms.discrete.binary - INFO - Optimization finished | best cost: 0.19512195121951215, best pos: [0 0 0 0 0 0 1]
2022-02-15 12:42:33,021 - pyswarms.discrete.binary - INFO - Optimize for 100 iters with {'c1': 1.6, 'c2': 1.4, 'w': 0.6, 'k': 30, 'p': 2}
2022-02-15 12:43:13,579 - pyswarms.discrete.binary - INFO - Optimization finished | best cost: 0.13414634146341464, best pos: [0 0 0 0 0 1 1]
2022-02-15 12:43:13,606 - pyswarms.discrete.binary - INFO - Optimize for 100 iters with {'c1': 1.6, 'c2': 1.4, 'w': 0.6, 'k': 30, 'p': 2}
2022-02-15 12:43:54,216 - pyswarms.discrete.binary - INFO - Optimization finished | best cost: 0.09756097560975607, best pos: [0 0 0 0 0 1 1]
2022-02-15 12:43:54,245 - pyswarms.discrete.binary - INFO - Optimize for 100 iters with {'c1': 1.6, 'c2': 1.4, 'w': 0.6, 'k': 30, 'p': 2}
2022-02-15 12:44:31,445 - pyswarms.discrete.binary - INFO - Optimization finished | best cost: 0.20731707317073167, best pos: [0 0 0 0 0 0 1]
2022-02-15 12:50:11,229 - pyswarms.discrete.binary - INFO - Optimize for 100 iters with {'c1': 1.6, 'c2': 1.4, 'w': 0.6, 'k': 30, 'p': 2}
2022-02-15 12:50:54,102 - pyswarms.discrete.binary - INFO - Optimization finished | best cost: 0.13414634146341464, best pos: [0 0 0 0 0 1 1]
2022-02-15 12:50:54,131 - pyswarms.discrete.binary - INFO - Optimize for 100 iters with {'c1': 1.6, 'c2': 1.4, 'w': 0.6, 'k': 30, 'p': 2}
2022-02-15 12:51:35,364 - pyswarms.discrete.binary - INFO - Optimization finished | best cost: 0.09756097560975607, best pos: [0 0 0 0 0 1 1]
2022-02-15 12:51:35,389 - pyswarms.discrete.binary - INFO - Optimize for 100 iters with {'c1': 1.6, 'c2': 1.4, 'w': 0.6, 'k': 30, 'p': 2}
2022-02-15 12:52:16,542 - pyswarms.discrete.binary - INFO - Optimization finished | best cost: 0.20731707317073167, best pos: [0 0 0 0 0 0 1]
2022-02-15 12:52:16,566 - pyswarms.discrete.binary - INFO - Optimize for 100 iters with {'c1': 1.6, 'c2': 1.4, 'w': 0.6, 'k': 30, 'p': 2}
2022-02-15 12:53:00,064 - pyswarms.discrete.binary - INFO - Optimization finished | best cost: 0.08536585365853655, best pos: [0 0 0 0 0 0 1]
2022-02-15 12:58:09,857 - pyswarms.discrete.binary - INFO - Optimize for 150 iters with {'c1': 1.4, 'c2': 1.4, 'w': 0.72, 'k': 20, 'p': 2}
2022-02-15 12:58:49,339 - pyswarms.discrete.binary - INFO - Optimization finished | best cost: 0.09756097560975607, best pos: [0 1 1 0 0 1 1 0 1 0 0 0 1 1 0 0 1 1 1 1 0 0 1 0 0 1 0 1 1 1 0 0 1 0 0 1 0
 1 1 0 1 0 0 0 0 0 0 1 1 1 0 1 1 1 1 0 1 1 0 0 1 1 1 1 0 1 0 1 0 0 0 0 1 1
 1 1 1 1 1 1 0 0 0 0 1 0 1 0 1 1 0 0 0 1 1 0 0 0 0 1 1 1 0 0 1 0 0 0 0 0 0
 0 0 1 1 0 0 1 0 1 1 0 0 0 0 0 0 1 1 0 1 1 0 0 0 0 1 0 0 0 0 1 1 1 0 0 1 0
 1 0 1 1 0 0 1 0 1 0 1 1 0 0 1 0 1 0 0 1 1 1 1 1 1 0 1 0 0 1 0 1 0 0 0 0 0
 1 1 1 1 1 1 0 1 1 1 1 0 1 0 1 1 0 1 1 0 1 0 1 0 0 0 0 0 1 1 1 0 1 0 0 1 1
 0 0 0 1 1 1 1 0 0 1 1 1 0 1 1 1 0 0 1 1 0 0 1 0 1 1 1 0 0 0 1 1 1 0]
2022-02-15 12:59:53,641 - pyswarms.discrete.binary - INFO - Optimize for 100 iters with {'c1': 1.6, 'c2': 1.4, 'w': 0.6, 'k': 30, 'p': 2}
2022-02-15 13:00:33,640 - pyswarms.discrete.binary - INFO - Optimization finished | best cost: 0.13414634146341464, best pos: [0 0 0 0 0 0 1]
2022-02-15 13:00:33,680 - pyswarms.discrete.binary - INFO - Optimize for 100 iters with {'c1': 1.6, 'c2': 1.4, 'w': 0.6, 'k': 30, 'p': 2}
2022-02-15 13:01:13,999 - pyswarms.discrete.binary - INFO - Optimization finished | best cost: 0.09756097560975607, best pos: [0 0 0 0 0 1 1]
2022-02-15 13:01:14,034 - pyswarms.discrete.binary - INFO - Optimize for 100 iters with {'c1': 1.6, 'c2': 1.4, 'w': 0.6, 'k': 30, 'p': 2}
2022-02-15 13:01:48,897 - pyswarms.discrete.binary - INFO - Optimization finished | best cost: 0.20731707317073167, best pos: [0 0 0 0 0 0 1]
2022-02-15 13:01:48,935 - pyswarms.discrete.binary - INFO - Optimize for 100 iters with {'c1': 1.6, 'c2': 1.4, 'w': 0.6, 'k': 30, 'p': 2}
2022-02-15 13:02:26,621 - pyswarms.discrete.binary - INFO - Optimization finished | best cost: 0.08536585365853655, best pos: [0 0 0 0 0 0 1]
2022-02-15 13:36:54,167 - pyswarms.discrete.binary - INFO - Optimize for 100 iters with {'c1': 1.6, 'c2': 1.4, 'w': 0.6, 'k': 30, 'p': 2}
2022-02-15 13:37:10,876 - pyswarms.discrete.binary - INFO - Optimization finished | best cost: 0.13414634146341464, best pos: [0 0 0 0 0 0 1]
2022-02-15 13:37:49,615 - pyswarms.discrete.binary - INFO - Optimize for 100 iters with {'c1': 1.6, 'c2': 1.4, 'w': 0.6, 'k': 30, 'p': 2}
2022-02-15 13:38:06,221 - pyswarms.discrete.binary - INFO - Optimization finished | best cost: 0.13414634146341464, best pos: [0 0 0 0 0 1 1]
2022-02-15 13:39:53,126 - pyswarms.discrete.binary - INFO - Optimize for 100 iters with {'c1': 1.6, 'c2': 1.4, 'w': 0.6, 'k': 30, 'p': 2}
2022-02-15 13:40:10,279 - pyswarms.discrete.binary - INFO - Optimization finished | best cost: 0.13414634146341464, best pos: [0 0 0 0 0 1 1]
2022-02-15 13:40:10,319 - pyswarms.discrete.binary - INFO - Optimize for 100 iters with {'c1': 1.6, 'c2': 1.4, 'w': 0.6, 'k': 30, 'p': 2}
2022-02-15 13:40:28,484 - pyswarms.discrete.binary - INFO - Optimization finished | best cost: 0.09756097560975607, best pos: [0 0 0 0 0 1 1]
2022-02-15 13:40:28,526 - pyswarms.discrete.binary - INFO - Optimize for 100 iters with {'c1': 1.6, 'c2': 1.4, 'w': 0.6, 'k': 30, 'p': 2}
2022-02-15 13:40:46,149 - pyswarms.discrete.binary - INFO - Optimization finished | best cost: 0.09756097560975607, best pos: [0 0 0 0 0 1 1]
2022-02-15 13:40:46,193 - pyswarms.discrete.binary - INFO - Optimize for 100 iters with {'c1': 1.6, 'c2': 1.4, 'w': 0.6, 'k': 30, 'p': 2}
2022-02-15 13:41:05,153 - pyswarms.discrete.binary - INFO - Optimization finished | best cost: 0.08536585365853655, best pos: [0 0 0 0 0 0 1]
2022-02-15 13:41:53,742 - pyswarms.discrete.binary - INFO - Optimize for 150 iters with {'c1': 1.6, 'c2': 1.4, 'w': 0.6, 'k': 30, 'p': 2}
2022-02-15 13:42:10,131 - pyswarms.discrete.binary - INFO - Optimize for 50 iters with {'c1': 1.6, 'c2': 1.4, 'w': 0.6, 'k': 30, 'p': 2}
2022-02-15 13:42:18,894 - pyswarms.discrete.binary - INFO - Optimization finished | best cost: 0.13414634146341464, best pos: [0 0 0 0 0 1 1]
2022-02-15 13:42:18,936 - pyswarms.discrete.binary - INFO - Optimize for 50 iters with {'c1': 1.6, 'c2': 1.4, 'w': 0.6, 'k': 30, 'p': 2}
2022-02-15 13:42:28,990 - pyswarms.discrete.binary - INFO - Optimization finished | best cost: 0.09756097560975607, best pos: [0 0 0 0 0 1 1]
2022-02-15 13:42:29,054 - pyswarms.discrete.binary - INFO - Optimize for 50 iters with {'c1': 1.6, 'c2': 1.4, 'w': 0.6, 'k': 30, 'p': 2}
2022-02-15 13:42:38,945 - pyswarms.discrete.binary - INFO - Optimization finished | best cost: 0.18292682926829273, best pos: [0 0 0 0 0 1 1]
2022-02-15 13:42:38,981 - pyswarms.discrete.binary - INFO - Optimize for 50 iters with {'c1': 1.6, 'c2': 1.4, 'w': 0.6, 'k': 30, 'p': 2}
2022-02-15 13:42:48,576 - pyswarms.discrete.binary - INFO - Optimization finished | best cost: 0.08536585365853655, best pos: [0 0 0 0 0 0 1]
2022-02-15 13:43:52,912 - pyswarms.discrete.binary - INFO - Optimize for 75 iters with {'c1': 1.6, 'c2': 1.4, 'w': 0.6, 'k': 20, 'p': 2}
2022-02-15 13:44:01,491 - pyswarms.discrete.binary - INFO - Optimization finished | best cost: 0.13414634146341464, best pos: [0 0 0 0 1 1]
2022-02-15 13:44:01,530 - pyswarms.discrete.binary - INFO - Optimize for 75 iters with {'c1': 1.6, 'c2': 1.4, 'w': 0.6, 'k': 20, 'p': 2}
2022-02-15 13:44:10,174 - pyswarms.discrete.binary - INFO - Optimization finished | best cost: 0.09756097560975607, best pos: [0 0 0 0 1 1]
2022-02-15 13:44:10,224 - pyswarms.discrete.binary - INFO - Optimize for 75 iters with {'c1': 1.6, 'c2': 1.4, 'w': 0.6, 'k': 20, 'p': 2}
2022-02-15 13:44:17,598 - pyswarms.discrete.binary - INFO - Optimization finished | best cost: 0.09756097560975607, best pos: [0 0 0 0 1 1]
2022-02-15 13:44:17,633 - pyswarms.discrete.binary - INFO - Optimize for 75 iters with {'c1': 1.6, 'c2': 1.4, 'w': 0.6, 'k': 20, 'p': 2}
2022-02-15 13:44:26,726 - pyswarms.discrete.binary - INFO - Optimization finished | best cost: 0.08536585365853655, best pos: [0 0 0 0 0 1]
2022-02-15 13:44:37,517 - pyswarms.discrete.binary - INFO - Optimize for 75 iters with {'c1': 1.6, 'c2': 1.4, 'w': 0.6, 'k': 20, 'p': 2}
2022-02-15 13:44:45,782 - pyswarms.discrete.binary - INFO - Optimization finished | best cost: 0.13414634146341464, best pos: [0 0 0 0 0 1]
2022-02-15 13:44:45,822 - pyswarms.discrete.binary - INFO - Optimize for 75 iters with {'c1': 1.6, 'c2': 1.4, 'w': 0.6, 'k': 20, 'p': 2}
2022-02-15 13:44:54,421 - pyswarms.discrete.binary - INFO - Optimization finished | best cost: 0.09756097560975607, best pos: [0 0 0 0 1 1]
2022-02-15 13:44:54,462 - pyswarms.discrete.binary - INFO - Optimize for 75 iters with {'c1': 1.6, 'c2': 1.4, 'w': 0.6, 'k': 20, 'p': 2}
2022-02-15 13:45:02,282 - pyswarms.discrete.binary - INFO - Optimization finished | best cost: 0.09756097560975607, best pos: [0 0 0 0 1 1]
2022-02-15 13:45:02,316 - pyswarms.discrete.binary - INFO - Optimize for 75 iters with {'c1': 1.6, 'c2': 1.4, 'w': 0.6, 'k': 20, 'p': 2}
2022-02-15 13:45:11,352 - pyswarms.discrete.binary - INFO - Optimization finished | best cost: 0.08536585365853655, best pos: [0 0 0 0 0 1]
2022-02-15 13:45:31,283 - pyswarms.discrete.binary - INFO - Optimize for 75 iters with {'c1': 1.6, 'c2': 1.4, 'w': 0.6, 'k': 20, 'p': 2}
2022-02-15 13:45:39,911 - pyswarms.discrete.binary - INFO - Optimization finished | best cost: 0.13414634146341464, best pos: [0 0 0 0 1 1]
2022-02-15 13:45:39,951 - pyswarms.discrete.binary - INFO - Optimize for 75 iters with {'c1': 1.6, 'c2': 1.4, 'w': 0.6, 'k': 20, 'p': 2}
2022-02-15 13:46:41,046 - pyswarms.discrete.binary - INFO - Optimize for 75 iters with {'c1': 1.6, 'c2': 1.4, 'w': 0.6, 'k': 40, 'p': 2}
2022-02-15 13:46:57,006 - pyswarms.discrete.binary - INFO - Optimization finished | best cost: 0.13414634146341464, best pos: [0 0 0 0 0 1]
2022-02-15 13:46:57,047 - pyswarms.discrete.binary - INFO - Optimize for 75 iters with {'c1': 1.6, 'c2': 1.4, 'w': 0.6, 'k': 40, 'p': 2}
2022-02-15 13:47:13,481 - pyswarms.discrete.binary - INFO - Optimization finished | best cost: 0.09756097560975607, best pos: [0 0 0 0 1 1]
2022-02-15 13:47:13,516 - pyswarms.discrete.binary - INFO - Optimize for 75 iters with {'c1': 1.6, 'c2': 1.4, 'w': 0.6, 'k': 40, 'p': 2}
2022-02-15 13:47:28,487 - pyswarms.discrete.binary - INFO - Optimization finished | best cost: 0.09756097560975607, best pos: [0 0 0 0 1 1]
2022-02-15 13:47:28,526 - pyswarms.discrete.binary - INFO - Optimize for 75 iters with {'c1': 1.6, 'c2': 1.4, 'w': 0.6, 'k': 40, 'p': 2}
2022-02-15 13:47:46,121 - pyswarms.discrete.binary - INFO - Optimization finished | best cost: 0.08536585365853655, best pos: [0 0 0 0 0 1]
2022-02-15 13:48:39,813 - pyswarms.discrete.binary - INFO - Optimize for 75 iters with {'c1': 1.6, 'c2': 1.4, 'w': 0.6, 'k': 40, 'p': 2}
2022-02-15 13:48:56,313 - pyswarms.discrete.binary - INFO - Optimization finished | best cost: 0.13414634146341464, best pos: [0 0 0 0 0 1]
2022-02-15 13:48:56,350 - pyswarms.discrete.binary - INFO - Optimize for 75 iters with {'c1': 1.6, 'c2': 1.4, 'w': 0.6, 'k': 40, 'p': 2}
2022-02-15 13:49:13,708 - pyswarms.discrete.binary - INFO - Optimization finished | best cost: 0.09756097560975607, best pos: [0 0 0 0 1 1]
2022-02-15 13:49:13,747 - pyswarms.discrete.binary - INFO - Optimize for 75 iters with {'c1': 1.6, 'c2': 1.4, 'w': 0.6, 'k': 40, 'p': 2}
2022-02-15 13:49:28,745 - pyswarms.discrete.binary - INFO - Optimization finished | best cost: 0.09756097560975607, best pos: [0 0 0 0 1 1]
2022-02-15 13:49:28,783 - pyswarms.discrete.binary - INFO - Optimize for 75 iters with {'c1': 1.6, 'c2': 1.4, 'w': 0.6, 'k': 40, 'p': 2}
2022-02-15 13:49:46,014 - pyswarms.discrete.binary - INFO - Optimization finished | best cost: 0.08536585365853655, best pos: [0 0 0 0 0 1]
2022-02-15 13:50:26,579 - pyswarms.discrete.binary - INFO - Optimize for 75 iters with {'c1': 1.6, 'c2': 1.4, 'w': 0.6, 'k': 40, 'p': 2}
2022-02-15 13:50:43,789 - pyswarms.discrete.binary - INFO - Optimization finished | best cost: 0.13414634146341464, best pos: [0 0 0 0 0 1]
2022-02-15 13:50:43,829 - pyswarms.discrete.binary - INFO - Optimize for 75 iters with {'c1': 1.6, 'c2': 1.4, 'w': 0.6, 'k': 40, 'p': 2}
2022-02-15 13:51:00,128 - pyswarms.discrete.binary - INFO - Optimization finished | best cost: 0.09756097560975607, best pos: [0 0 0 0 1 1]
2022-02-15 13:51:00,160 - pyswarms.discrete.binary - INFO - Optimize for 75 iters with {'c1': 1.6, 'c2': 1.4, 'w': 0.6, 'k': 40, 'p': 2}
2022-02-15 13:51:15,759 - pyswarms.discrete.binary - INFO - Optimization finished | best cost: 0.09756097560975607, best pos: [0 0 0 0 1 1]
2022-02-15 13:51:15,790 - pyswarms.discrete.binary - INFO - Optimize for 75 iters with {'c1': 1.6, 'c2': 1.4, 'w': 0.6, 'k': 40, 'p': 2}
2022-02-15 13:51:36,168 - pyswarms.discrete.binary - INFO - Optimization finished | best cost: 0.08536585365853655, best pos: [0 0 0 0 0 1]
2022-02-15 13:55:07,001 - pyswarms.discrete.binary - INFO - Optimize for 75 iters with {'c1': 1.6, 'c2': 1.4, 'w': 0.6, 'k': 40, 'p': 2}
2022-02-15 13:55:24,518 - pyswarms.discrete.binary - INFO - Optimization finished | best cost: 0.13414634146341464, best pos: [0 0 0 0 1 1]
2022-02-15 13:55:24,627 - pyswarms.discrete.binary - INFO - Optimize for 75 iters with {'c1': 1.6, 'c2': 1.4, 'w': 0.6, 'k': 40, 'p': 2}
2022-02-15 13:55:42,035 - pyswarms.discrete.binary - INFO - Optimization finished | best cost: 0.09756097560975607, best pos: [0 0 0 0 1 1]
2022-02-15 13:55:42,111 - pyswarms.discrete.binary - INFO - Optimize for 75 iters with {'c1': 1.6, 'c2': 1.4, 'w': 0.6, 'k': 40, 'p': 2}
2022-02-15 13:55:57,996 - pyswarms.discrete.binary - INFO - Optimization finished | best cost: 0.09756097560975607, best pos: [0 0 0 0 1 1]
2022-02-15 13:55:58,070 - pyswarms.discrete.binary - INFO - Optimize for 75 iters with {'c1': 1.6, 'c2': 1.4, 'w': 0.6, 'k': 40, 'p': 2}
2022-02-15 13:56:15,402 - pyswarms.discrete.binary - INFO - Optimization finished | best cost: 0.08536585365853655, best pos: [0 0 0 0 0 1]
2022-02-15 13:57:14,974 - pyswarms.discrete.binary - INFO - Optimize for 75 iters with {'c1': 1.4, 'c2': 1.4, 'w': 0.8, 'k': 25, 'p': 2}
2022-02-15 13:57:26,334 - pyswarms.discrete.binary - INFO - Optimization finished | best cost: 0.13414634146341464, best pos: [0 0 0 0 1 1]
2022-02-15 13:57:26,417 - pyswarms.discrete.binary - INFO - Optimize for 75 iters with {'c1': 1.4, 'c2': 1.4, 'w': 0.8, 'k': 25, 'p': 2}
2022-02-15 13:57:38,189 - pyswarms.discrete.binary - INFO - Optimization finished | best cost: 0.09756097560975607, best pos: [0 0 0 0 1 1]
2022-02-15 13:57:38,268 - pyswarms.discrete.binary - INFO - Optimize for 75 iters with {'c1': 1.4, 'c2': 1.4, 'w': 0.8, 'k': 25, 'p': 2}
2022-02-15 13:57:49,554 - pyswarms.discrete.binary - INFO - Optimization finished | best cost: 0.09756097560975607, best pos: [0 0 0 0 1 1]
2022-02-15 13:57:49,627 - pyswarms.discrete.binary - INFO - Optimize for 75 iters with {'c1': 1.4, 'c2': 1.4, 'w': 0.8, 'k': 25, 'p': 2}
2022-02-15 13:58:00,371 - pyswarms.discrete.binary - INFO - Optimization finished | best cost: 0.08536585365853655, best pos: [0 0 0 0 0 1]
2022-02-15 14:38:39,758 - pyswarms.discrete.binary - INFO - Optimize for 150 iters with {'c1': 1.4, 'c2': 1.4, 'w': 0.72, 'k': 20, 'p': 2}
2022-02-15 14:38:56,881 - pyswarms.discrete.binary - INFO - Optimization finished | best cost: 0.060975609756097615, best pos: [1 1 0 1 0 1 1 1 0 1 0 0 1 1 1 0 1 1 0 1 0 1 1 0 1 1 1 1 0 1 0 1 1 1 1 1 1
 1 0 1 1 1 0 0 1 1 1 0 1 0 0 0 0 0 1 0 1 1 0 1 0 0 0 0 1 0 0 1 1 1 1 0 0 1
 0 1 1 0 1 0 0 1 1 0 0 0 0 0 1 1 1 0 1 0 1 0 1 0 1 0 1 1 0 0 1 0 0 1 1 0 0
 0 1 1 0 0 1 0 1 1 1 0 1 0 1 0 0 1 0 1 1 1 0 0 0 1 1 1 1 0 0 1 0 1 0 1 0 1
 1 1 0 1 0 1 1 0 0 0 0 1 1 0 0 0 1 1 0 1 1 0 0 0 0 1 0 1 1 1 0 0 0 0 1 0 0
 1 1 1 0 1 1 0 1 1 0 1 1 0 1 0 0 1 1 0 0 0 1 1 1 0 0 0 0 1 0 1 0 0 1 0 0 0
 0 0 1 0 0 1 1 0 1 1 0 0 0 1 0 0 0 0 1 1 0 0 1 1 1 1 1 1 0 1 0 1 1 0]
2022-02-15 14:43:20,139 - pyswarms.discrete.binary - INFO - Optimize for 150 iters with {'c1': 1.4, 'c2': 1.4, 'w': 0.72, 'k': 20, 'p': 2}
2022-02-15 14:43:38,369 - pyswarms.discrete.binary - INFO - Optimization finished | best cost: 0.09756097560975607, best pos: [1 0 0 0 1 0 1 1 1 0 1 1 0 1 1 0 0 0 0 0 1 1 0 0 1 0 1 1 1 0 0 1 1 1 1 1 0
 1 0 0 1 1 1 1 1 1 0 0 1 1 1 0 0 0 1 1 1 0 0 0 0 0 1 1 1 1 1 1 1 0 1 1 1 1
 1 1 0 0 0 0 0 0 0 1 0 0 1 1 1 0 1 0 0 0 1 1 0 1 1 0 1 1 1 1 0 1 0 0 0 0 0
 1 0 1 0 0 0 1 1 0 1 1 0 0 0 0 1 1 1 1 0 1 0 0 1 0 1 1 1 0 0 1 0 0 0 1 1 0
 0 1 1 0 1 1 1 1 0 0 0 0 0 1 1 0 0 0 0 1 0 1 0 1 1 1 0 1 1 0 0 1 1 0 0 0 0
 0 0 0 0 1 1 1 1 0 1 1 1 1 0 1 1 1 1 0 0 1 1 1 0 0 0 0 1 0 0 1 1 1 1 0 1 0
 1 1 1 0 0 1 1 1 0 1 0 0 0 0 0 1 0 1 0 1 0 1 0 1 0 0 1 0 1 1 1 0 1 0]
2022-02-15 14:44:57,496 - pyswarms.discrete.binary - INFO - Optimize for 150 iters with {'c1': 1.4, 'c2': 1.4, 'w': 0.72, 'k': 20, 'p': 2}
2022-02-15 14:45:16,074 - pyswarms.discrete.binary - INFO - Optimization finished | best cost: 0.1097560975609756, best pos: [1 0 1 0 0 1 1 0 1 1 0 1 0 1 1 1 1 1 1 1 1 1 0 1 0 1 1 1 1 1 1 0 1 1 1 1 1
 1 0 1 1 1 0 1 1 1 1 0 1 1 1 1 1 0 0 1 1 1 1 0 0 1 1 1 1 0 0 1 1 1 1 1 1 0
 0 0 0 0 1 0 1 1 1 1 1 1 1 0 0 0 0 1 0 1 1 0 1 1 0 1 0 1 0 0 1 1 1 0 1 0 1
 1 0 0 1 0 1 0 0 1 1 1 0 0 0 1 1 1 1 1 0 1 1 1 1 0 1 0 0 1 0 1 0 0 1 1 0 1
 0 1 1 1 0 1 1 1 1 1 1 0 1 1 1 1 1 1 0 0 0 0 0 1 1 0 1 1 1 1 1 1 1 0 1 1 1
 1 0 1 0 0 0 0 1 1 0 1 0 0 0 1 1 1 1 0 1 0 0 1 0 1 0 1 1 1 0 1 0 0 1 1 1 0
 0 1 1 1 1 1 0 1 1 0 0 1 1 0 0 1 1 0 1 1 1 0 1 0 0 1 1 0 0 1 1 0 1 1]
2022-02-15 14:45:22,193 - pyswarms.discrete.binary - INFO - Optimize for 150 iters with {'c1': 1.4, 'c2': 1.4, 'w': 0.72, 'k': 20, 'p': 2}
2022-02-15 14:45:39,725 - pyswarms.discrete.binary - INFO - Optimization finished | best cost: 0.1097560975609756, best pos: [1 0 0 0 1 1 1 1 1 1 0 1 1 0 1 0 0 1 1 0 0 1 1 1 1 1 0 1 1 0 0 0 1 1 0 0 1
 1 1 1 1 0 0 0 1 1 1 0 1 0 1 0 0 0 1 1 1 0 0 1 0 0 1 0 0 1 1 1 1 0 1 1 0 0
 0 1 0 1 1 1 0 0 1 1 0 1 1 1 0 0 1 0 1 0 0 0 0 0 1 1 1 1 0 0 1 1 1 0 0 1 0
 1 1 0 0 1 1 0 0 1 1 1 1 0 0 0 1 0 0 0 0 1 0 0 1 0 1 0 1 1 0 0 1 1 1 1 1 1
 1 0 0 0 1 0 0 1 0 0 1 1 1 1 1 1 0 0 1 0 0 0 1 0 1 0 0 0 1 1 1 0 0 1 1 0 0
 1 1 0 1 0 1 0 1 1 0 1 1 1 1 0 0 0 0 1 0 1 0 0 1 0 1 0 0 1 1 0 0 1 0 0 1 0
 1 0 1 1 0 1 1 1 0 0 1 1 1 0 0 1 1 1 1 1 1 0 0 1 0 0 1 0 1 0 1 1 1 0]
2022-02-15 14:45:47,066 - pyswarms.discrete.binary - INFO - Optimize for 150 iters with {'c1': 1.4, 'c2': 1.4, 'w': 0.72, 'k': 20, 'p': 2}
2022-02-15 14:46:04,404 - pyswarms.discrete.binary - INFO - Optimization finished | best cost: 0.09756097560975607, best pos: [0 0 0 1 0 1 1 1 0 0 0 1 1 1 0 0 1 1 0 1 0 0 0 0 0 0 1 1 0 1 0 1 0 0 1 0 1
 1 1 1 0 0 1 1 0 1 1 0 1 0 0 0 1 0 0 0 0 0 0 1 1 1 1 1 1 0 0 1 1 0 1 0 1 0
 1 0 1 0 1 1 0 1 0 1 1 0 1 0 0 1 1 1 0 1 1 1 1 1 1 0 1 0 1 0 1 1 0 0 0 1 0
 1 0 1 1 1 1 0 0 1 1 1 1 1 0 0 1 1 1 1 0 1 0 1 0 0 0 1 1 0 0 1 1 1 0 0 1 1
 0 1 1 0 0 0 0 0 0 1 1 1 0 1 1 1 1 0 0 0 0 1 0 1 1 1 1 1 1 0 0 1 0 1 1 1 1
 0 0 1 1 0 0 0 0 1 0 0 1 1 0 1 0 0 1 1 0 0 0 0 0 1 1 0 1 1 0 1 1 1 1 0 0 0
 0 1 1 1 1 1 0 0 0 0 1 1 0 0 1 0 1 1 1 1 1 1 0 0 0 0 1 1 1 1 1 0 1 0]
2022-02-15 14:46:17,366 - pyswarms.discrete.binary - INFO - Optimize for 75 iters with {'c1': 1.4, 'c2': 1.4, 'w': 0.8, 'k': 25, 'p': 2}
2022-02-15 14:46:28,496 - pyswarms.discrete.binary - INFO - Optimization finished | best cost: 0.13414634146341464, best pos: [0 0 0 0 1 1]
2022-02-15 14:46:28,565 - pyswarms.discrete.binary - INFO - Optimize for 75 iters with {'c1': 1.4, 'c2': 1.4, 'w': 0.8, 'k': 25, 'p': 2}
2022-02-15 14:46:38,406 - pyswarms.discrete.binary - INFO - Optimization finished | best cost: 0.08536585365853655, best pos: [0 0 0 0 0 1]
2022-02-15 14:46:38,476 - pyswarms.discrete.binary - INFO - Optimize for 75 iters with {'c1': 1.4, 'c2': 1.4, 'w': 0.8, 'k': 25, 'p': 2}
2022-02-15 14:46:47,695 - pyswarms.discrete.binary - INFO - Optimization finished | best cost: 0.09756097560975607, best pos: [0 0 0 0 1 1]
2022-02-15 14:46:47,762 - pyswarms.discrete.binary - INFO - Optimize for 75 iters with {'c1': 1.4, 'c2': 1.4, 'w': 0.8, 'k': 25, 'p': 2}
2022-02-15 14:46:59,249 - pyswarms.discrete.binary - INFO - Optimization finished | best cost: 0.08536585365853655, best pos: [0 0 0 0 0 1]
2022-02-15 18:06:22,094 - pyswarms.discrete.binary - INFO - Optimize for 150 iters with {'c1': 1.4, 'c2': 1.4, 'w': 0.72, 'k': 20, 'p': 2}
2022-02-15 18:06:41,566 - pyswarms.discrete.binary - INFO - Optimization finished | best cost: 0.09756097560975607, best pos: [0 1 1 0 0 0 1 0 0 0 1 1 0 0 1 1 1 0 1 1 0 0 0 1 0 1 1 1 1 0 0 1 1 0 1 1 0
 0 1 1 1 0 0 1 0 0 1 1 1 0 1 1 0 0 0 0 0 0 0 0 1 1 0 1 1 0 1 0 1 0 1 0 0 0
 1 1 0 0 0 1 1 0 1 1 0 1 1 1 0 0 0 1 0 1 0 0 0 0 1 1 1 1 1 1 0 0 1 0 1 1 0
 0 0 1 0 1 1 0 0 1 1 1 1 1 0 1 1 1 1 1 1 0 1 1 0 1 1 0 1 1 0 1 0 0 1 1 1 0
 1 0 1 1 0 0 1 0 0 0 0 0 1 0 1 0 0 0 1 1 0 1 1 0 1 1 1 0 1 0 1 0 0 1 0 0 1
 0 0 1 1 1 0 1 1 1 0 1 0 0 0 1 1 1 1 1 0 0 0 1 1 0 1 0 0 1 0 0 0 0 0 1 0 1
 0 1 0 0 1 1 1 1 0 1 1 0 1 1 0 1 0 0 1 1 1 1 1 1 1 1 1 0 0 0 0 1 0 0]
2022-02-15 18:06:53,083 - pyswarms.discrete.binary - INFO - Optimize for 75 iters with {'c1': 1.4, 'c2': 1.4, 'w': 0.8, 'k': 25, 'p': 2}
2022-02-15 18:07:03,974 - pyswarms.discrete.binary - INFO - Optimization finished | best cost: 0.13414634146341464, best pos: [0 0 0 0 0 1]
2022-02-15 18:07:04,056 - pyswarms.discrete.binary - INFO - Optimize for 75 iters with {'c1': 1.4, 'c2': 1.4, 'w': 0.8, 'k': 25, 'p': 2}
2022-02-15 18:07:14,832 - pyswarms.discrete.binary - INFO - Optimization finished | best cost: 0.09756097560975607, best pos: [0 0 0 0 1 1]
2022-02-15 18:07:14,920 - pyswarms.discrete.binary - INFO - Optimize for 75 iters with {'c1': 1.4, 'c2': 1.4, 'w': 0.8, 'k': 25, 'p': 2}
2022-02-15 18:07:24,480 - pyswarms.discrete.binary - INFO - Optimization finished | best cost: 0.09756097560975607, best pos: [0 0 0 0 1 1]
2022-02-15 18:07:24,557 - pyswarms.discrete.binary - INFO - Optimize for 75 iters with {'c1': 1.4, 'c2': 1.4, 'w': 0.8, 'k': 25, 'p': 2}
2022-02-15 18:07:35,830 - pyswarms.discrete.binary - INFO - Optimization finished | best cost: 0.08536585365853655, best pos: [0 0 0 0 0 1]
2022-02-15 18:57:56,783 - pyswarms.discrete.binary - INFO - Optimize for 75 iters with {'c1': 1.4, 'c2': 1.4, 'w': 0.8, 'k': 25, 'p': 2}
2022-02-15 18:58:07,950 - pyswarms.discrete.binary - INFO - Optimization finished | best cost: 0.13414634146341464, best pos: [0 0 0 0 0 1]
2022-02-15 18:58:07,971 - pyswarms.discrete.binary - INFO - Optimize for 75 iters with {'c1': 1.4, 'c2': 1.4, 'w': 0.8, 'k': 25, 'p': 2}
2022-02-15 18:58:18,837 - pyswarms.discrete.binary - INFO - Optimization finished | best cost: 0.09756097560975607, best pos: [0 0 0 0 1 1]
2022-02-15 18:58:18,863 - pyswarms.discrete.binary - INFO - Optimize for 75 iters with {'c1': 1.4, 'c2': 1.4, 'w': 0.8, 'k': 25, 'p': 2}
2022-02-15 18:58:29,649 - pyswarms.discrete.binary - INFO - Optimization finished | best cost: 0.12195121951219512, best pos: [0 0 0 0 1 1]
2022-02-15 18:58:29,661 - pyswarms.discrete.binary - INFO - Optimize for 75 iters with {'c1': 1.4, 'c2': 1.4, 'w': 0.8, 'k': 25, 'p': 2}
2022-02-15 18:58:41,851 - pyswarms.discrete.binary - INFO - Optimization finished | best cost: 0.08536585365853655, best pos: [0 0 0 0 0 1]
2022-02-15 19:05:17,879 - pyswarms.discrete.binary - INFO - Optimize for 75 iters with {'c1': 1.4, 'c2': 1.4, 'w': 0.8, 'k': 25, 'p': 2}
2022-02-15 19:05:27,747 - pyswarms.discrete.binary - INFO - Optimization finished | best cost: 0.1585365853658537, best pos: [0 0 0 0 0 1]
2022-02-15 19:05:27,760 - pyswarms.discrete.binary - INFO - Optimize for 75 iters with {'c1': 1.4, 'c2': 1.4, 'w': 0.8, 'k': 25, 'p': 2}
2022-02-15 19:05:35,076 - pyswarms.discrete.binary - INFO - Optimize for 75 iters with {'c1': 1.4, 'c2': 1.4, 'w': 0.8, 'k': 25, 'p': 2}
2022-02-15 19:05:44,816 - pyswarms.discrete.binary - INFO - Optimization finished | best cost: 0.13414634146341464, best pos: [0 0 0 0 0 1]
2022-02-15 19:05:44,835 - pyswarms.discrete.binary - INFO - Optimize for 75 iters with {'c1': 1.4, 'c2': 1.4, 'w': 0.8, 'k': 25, 'p': 2}
2022-02-15 19:05:56,809 - pyswarms.discrete.binary - INFO - Optimization finished | best cost: 0.09756097560975607, best pos: [0 0 0 0 1 1]
2022-02-15 19:05:56,823 - pyswarms.discrete.binary - INFO - Optimize for 75 iters with {'c1': 1.4, 'c2': 1.4, 'w': 0.8, 'k': 25, 'p': 2}
2022-02-15 19:06:05,899 - pyswarms.discrete.binary - INFO - Optimization finished | best cost: 0.12195121951219512, best pos: [0 0 0 0 1 1]
2022-02-15 19:06:05,913 - pyswarms.discrete.binary - INFO - Optimize for 75 iters with {'c1': 1.4, 'c2': 1.4, 'w': 0.8, 'k': 25, 'p': 2}
2022-02-15 19:06:17,553 - pyswarms.discrete.binary - INFO - Optimization finished | best cost: 0.08536585365853655, best pos: [0 0 0 0 0 1]
2022-02-15 19:50:29,196 - pyswarms.discrete.binary - INFO - Optimize for 75 iters with {'c1': 1.4, 'c2': 1.4, 'w': 0.8, 'k': 25, 'p': 2}
2022-02-15 19:50:52,902 - pyswarms.discrete.binary - INFO - Optimize for 75 iters with {'c1': 1.4, 'c2': 1.4, 'w': 0.8, 'k': 25, 'p': 2}
2022-02-15 19:51:04,749 - pyswarms.discrete.binary - INFO - Optimization finished | best cost: 0.13414634146341464, best pos: [0 0 0 0 1 1]
2022-02-15 19:51:04,907 - pyswarms.discrete.binary - INFO - Optimize for 75 iters with {'c1': 1.4, 'c2': 1.4, 'w': 0.8, 'k': 25, 'p': 2}
2022-02-15 19:51:15,634 - pyswarms.discrete.binary - INFO - Optimization finished | best cost: 0.09756097560975607, best pos: [0 0 0 0 1 1]
2022-02-15 19:51:15,703 - pyswarms.discrete.binary - INFO - Optimize for 75 iters with {'c1': 1.4, 'c2': 1.4, 'w': 0.8, 'k': 25, 'p': 2}
2022-02-15 19:51:25,816 - pyswarms.discrete.binary - INFO - Optimization finished | best cost: 0.12195121951219512, best pos: [0 0 0 0 1 1]
2022-02-15 19:51:25,915 - pyswarms.discrete.binary - INFO - Optimize for 75 iters with {'c1': 1.4, 'c2': 1.4, 'w': 0.8, 'k': 25, 'p': 2}
2022-02-15 19:51:36,338 - pyswarms.discrete.binary - INFO - Optimization finished | best cost: 0.08536585365853655, best pos: [0 0 0 0 0 1]
2022-02-15 19:55:48,016 - pyswarms.discrete.binary - INFO - Optimize for 75 iters with {'c1': 1.4, 'c2': 1.4, 'w': 0.8, 'k': 25, 'p': 2}
2022-02-15 19:55:58,444 - pyswarms.discrete.binary - INFO - Optimization finished | best cost: 0.13414634146341464, best pos: [0 0 0 0 1 1]
2022-02-15 19:55:58,524 - pyswarms.discrete.binary - INFO - Optimize for 75 iters with {'c1': 1.4, 'c2': 1.4, 'w': 0.8, 'k': 25, 'p': 2}
2022-02-15 19:56:09,057 - pyswarms.discrete.binary - INFO - Optimization finished | best cost: 0.09756097560975607, best pos: [0 0 0 0 1 1]
2022-02-15 19:56:09,141 - pyswarms.discrete.binary - INFO - Optimize for 75 iters with {'c1': 1.4, 'c2': 1.4, 'w': 0.8, 'k': 25, 'p': 2}
2022-02-15 19:56:18,873 - pyswarms.discrete.binary - INFO - Optimization finished | best cost: 0.12195121951219512, best pos: [0 0 0 0 1 1]
2022-02-15 19:56:18,957 - pyswarms.discrete.binary - INFO - Optimize for 75 iters with {'c1': 1.4, 'c2': 1.4, 'w': 0.8, 'k': 25, 'p': 2}
2022-02-15 19:56:30,109 - pyswarms.discrete.binary - INFO - Optimization finished | best cost: 0.08536585365853655, best pos: [0 0 0 0 0 1]
2022-02-15 20:10:00,650 - matplotlib.legend - WARNING - No artists with labels found to put in legend.  Note that artists whose label start with an underscore are ignored when legend() is called with no argument.
2022-02-15 20:10:00,841 - matplotlib.legend - WARNING - No artists with labels found to put in legend.  Note that artists whose label start with an underscore are ignored when legend() is called with no argument.
2022-02-15 20:10:01,045 - matplotlib.legend - WARNING - No artists with labels found to put in legend.  Note that artists whose label start with an underscore are ignored when legend() is called with no argument.
2022-02-15 20:10:01,238 - matplotlib.legend - WARNING - No artists with labels found to put in legend.  Note that artists whose label start with an underscore are ignored when legend() is called with no argument.
2022-02-15 21:53:44,752 - pyswarms.discrete.binary - INFO - Optimize for 150 iters with {'c1': 1.4, 'c2': 1.6, 'w': 0.7, 'k': 35, 'p': 2}
2022-02-15 21:54:20,237 - pyswarms.discrete.binary - INFO - Optimization finished | best cost: 0.01941747572815533, best pos: [0 1 1 1 1 1 1 0 1 0 1 1 1 0 0 0 0 1 1 1 1 0 0 1 0 1 1 1 1 1 1 1 1 1 1 1 0
 1 1 1 0 0 1 0 1 0 1 1 0 1 1 1 0 1 1 1 1 1 1 0 1 1 1 0 1 0 0 0 1 0 0 0 1 1
 1 0 1 0 0 0 1 1 0 0 1 0 1 0 0 0 1 0 1 1 0 0 1 0 0 0 0 0 1 1 0 0 0 0 0 1 0
 0 1 1 1 1 1 0 1 0 0 0 0 1 0 1 1 0 0 0 0 1 0 1 0 1 0 0 1 1 0 1 1 0 1 1 0 0
 0 1 1 0 1 1 1 1 1 1 0 1 1 1 1 1 0 1 0 0 1 1 0 0 1 1 0 1 0 1 1 1 0 0 1 1 1
 0 0 0 1 0 0 0 0 1 0 0 0 1 1 1 1 1 1 1 0 0 1 0 1 1 1 0 0 1 0 0 0 1 0 1 1 0
 1 1 0 1 1 1 0 0 0 1 0 1 1 1 1 1 1 0 1 1 0 0 1 0 1 1 1 0 0 1 0 1 1 1]
2022-02-15 21:54:51,509 - pyswarms.discrete.binary - INFO - Optimize for 300 iters with {'c1': 1.4, 'c2': 1.8, 'w': 0.8, 'k': 50, 'p': 2}
2022-02-15 21:56:24,052 - pyswarms.discrete.binary - INFO - Optimization finished | best cost: 0.01941747572815533, best pos: [1 1 1 1 1 1 1 0 1 1 1 1 1 1 0 0 0 1 0 0 0 0 1 1 0 1 1 1 1 1 1 0 0 0 1 0 0
 1 0 0 1 0 1 1 0 0 0 1 0 1 1 0 0 0 1 0 0 1 0 0 1 1 1 1 1 0 0 1 1 1 0 1 1 1
 1 0 0 0 0 1 0 1 1 1 0 1 0 1 0 1 0 1 0 0 1 0 0 0 1 1 0 0 0 1 0 0 0 1 0 0 1
 1 1 0 0 1 1 1 1 0 0 0 0 0 0 1 0 1 0 0 0 1 0 1 0 1 1 0 1 1 0 0 0 0 1 0 0 0
 1 0 0 1 1 0 1 1 1 0 0 0 1 1 1 1 0 1 1 1 1 1 0 1 1 0 1 1 0 1 0 0 1 1 0 1 0
 0 0 1 0 0 1 0 1 0 1 0 1 1 1 1 0 1 0 0 0 0 1 0 0 0 0 1 0 0 1 1 1 0 1 1 0 1
 0 1 1 1 0 0 0 0 1 1 0 0 0 0 1 1 1 0 1 1 1 1 1 1 1 1 0 1 1 1 1 0 1 0]
2022-02-15 21:58:11,176 - pyswarms.discrete.binary - INFO - Optimize for 300 iters with {'c1': 1.4, 'c2': 1.8, 'w': 0.9, 'k': 50, 'p': 2}
2022-02-15 21:59:42,874 - pyswarms.discrete.binary - INFO - Optimization finished | best cost: 0.009708737864077666, best pos: [1 0 1 1 1 1 1 1 1 1 1 1 1 1 1 0 0 0 1 0 1 1 1 1 1 1 0 1 1 1 1 0 1 1 0 1 0
 1 0 1 0 0 1 1 0 0 1 1 1 0 1 1 1 1 1 0 1 1 0 1 0 0 0 1 1 0 0 1 0 0 0 1 0 1
 0 1 1 0 0 0 0 1 0 0 1 1 0 1 0 0 1 1 0 1 0 1 1 0 1 0 0 0 1 0 0 0 1 0 0 1 1
 1 0 1 0 0 1 0 0 0 0 1 1 0 1 0 1 1 1 1 0 0 1 0 0 1 1 0 1 1 0 1 1 0 1 0 0 0
 0 0 0 1 0 0 0 0 1 0 1 1 0 1 1 0 1 0 1 1 1 0 1 0 0 0 1 1 1 1 1 0 1 1 1 1 0
 0 0 0 1 1 0 0 1 1 1 0 0 0 1 1 0 1 1 1 1 1 1 1 0 0 1 0 1 1 1 1 0 0 0 0 0 1
 0 0 0 0 0 1 1 1 0 1 1 0 1 1 0 1 1 1 0 0 1 0 0 0 1 1 1 1 1 0 0 1 1 0]
2022-02-15 22:06:37,257 - pyswarms.discrete.binary - INFO - Optimize for 300 iters with {'c1': 1.4, 'c2': 1.8, 'w': 0.9, 'k': 50, 'p': 2}
2022-02-15 22:10:18,135 - pyswarms.discrete.binary - INFO - Optimize for 300 iters with {'c1': 1.4, 'c2': 1.8, 'w': 0.9, 'k': 50, 'p': 2}
2022-02-15 22:11:48,843 - pyswarms.discrete.binary - INFO - Optimization finished | best cost: 0.029126213592232997, best pos: [1 1 1 1 1 0 1 1 0 1 1 1 0 0 0 1 1 0 1 1 0 1 1 0 0 1 1 0 0 0 0 1 0 1 1 1 1
 0 1 0 0 1 0 0 1 1 1 0 0 0 0 1 0 0 1 0 1 1 1 0 0 1 1 0 0 0 1 0 0 0 1 0 1 1
 1 1 1 1 0 1 0 1 0 1 0 1 1 0 1 1 1 1 1 0 1 1 1 0 0 1 1 1 1 1 0 0 1 0 0 1 1
 1 0 0 1 0 0 1 1 1 1 1 0 1 0 1 1 0 1 0 1 1 0 1 0 0 0 0 1 0 1 1 1 0 1 1 1 0
 0 0 1 1 0 1 0 0 1 1 0 0 0 1 0 1 0 0 0 1 0 0 1 1 1 1 1 0 1 1 0 1 1 1 1 0 1
 0 0 1 1 1 1 1 1 1 0 1 0 1 1 0 0 1 0 1 1 1 1 0 0 0 1 1 0 0 1 1 1 1 1 1 1 0
 0 1 0 1 1 1 1 1 1 1 0 1 1 1 0 1 0 0 1 1 1 0 0 0 0 1 0 0 0 1 0 1 1 1]
2022-02-15 22:12:21,413 - pyswarms.discrete.binary - INFO - Optimize for 300 iters with {'c1': 1.4, 'c2': 1.6, 'w': 0.85, 'k': 100, 'p': 2}
2022-02-15 22:15:24,874 - pyswarms.discrete.binary - INFO - Optimization finished | best cost: 0.03883495145631066, best pos: [1 1 1 1 1 0 1 1 0 1 1 1 0 0 1 1 0 0 0 1 0 1 1 1 1 0 1 1 0 1 1 1 1 0 1 1 1
 0 1 1 0 1 1 0 0 0 0 0 0 1 0 1 1 1 0 1 1 1 0 0 1 0 0 1 0 0 0 0 0 1 1 0 1 0
 1 1 1 0 1 0 0 0 1 0 0 0 0 0 1 0 0 0 0 0 1 0 0 1 1 1 0 1 0 1 0 1 1 1 0 1 1
 0 1 0 1 1 0 1 0 0 0 0 0 1 1 1 1 1 1 0 1 0 0 1 1 1 0 0 0 0 0 0 1 0 0 1 1 1
 0 1 0 0 0 0 1 1 0 0 0 1 1 0 0 1 1 0 1 0 1 0 1 0 1 1 0 1 1 0 1 0 0 0 1 1 0
 0 1 0 1 1 0 1 1 1 1 0 1 1 0 0 1 0 1 0 1 0 1 1 0 1 0 0 1 0 0 0 1 1 1 1 0 0
 0 0 0 0 0 0 0 0 0 0 0 1 1 0 1 1 1 0 0 1 0 1 1 1 0 1 0 1 0 1 0 0 0 1]
2022-02-15 22:16:00,416 - pyswarms.discrete.binary - INFO - Optimize for 300 iters with {'c1': 1.5, 'c2': 1.6, 'w': 0.95, 'k': 20, 'p': 2}
2022-02-15 22:16:38,764 - pyswarms.discrete.binary - INFO - Optimization finished | best cost: 0.03883495145631066, best pos: [1 1 1 1 1 0 1 1 0 1 1 1 1 0 0 1 1 0 1 1 0 1 0 0 0 1 1 1 0 0 0 1 1 1 1 1 0
 0 1 1 0 1 1 1 0 1 1 1 0 1 0 1 1 0 0 0 1 1 1 1 0 0 0 1 1 1 0 0 0 0 0 0 1 0
 1 0 1 1 0 0 0 1 1 1 0 0 0 0 0 1 0 1 0 1 0 1 1 1 0 1 0 1 0 0 0 1 1 0 0 0 1
 0 0 0 1 1 1 1 0 0 1 0 1 1 1 0 1 1 0 1 0 1 0 0 1 1 1 0 0 0 1 1 0 0 1 1 1 1
 0 0 1 1 0 1 0 0 1 1 0 0 1 1 0 0 0 0 0 1 0 0 1 1 0 1 0 1 0 0 0 0 1 0 1 1 1
 0 1 0 1 0 1 0 1 1 1 1 1 0 0 1 1 0 0 0 0 1 0 0 1 1 0 1 0 0 1 1 0 0 1 0 1 0
 0 1 0 0 1 0 0 0 1 0 1 1 1 1 1 1 0 1 1 0 1 1 0 0 0 0 1 1 1 0 0 0 1 1]
2022-02-15 22:17:00,090 - pyswarms.discrete.binary - INFO - Optimize for 300 iters with {'c1': 1.5, 'c2': 1.6, 'w': 0.995, 'k': 30, 'p': 2}
2022-02-15 22:17:57,977 - pyswarms.discrete.binary - INFO - Optimization finished | best cost: 0.03883495145631066, best pos: [1 1 1 1 0 0 1 1 0 0 1 1 1 0 0 0 1 1 1 1 1 1 1 1 0 0 1 1 0 1 0 1 0 1 1 0 1
 1 1 0 0 1 0 1 1 1 0 0 1 0 0 0 0 0 0 1 1 1 1 0 1 1 0 1 0 1 1 0 1 0 0 1 0 0
 1 1 1 1 1 1 1 0 1 1 1 1 1 1 1 1 1 1 1 0 1 1 0 1 0 0 0 0 1 1 0 1 1 0 1 1 0
 1 0 1 1 0 1 1 0 1 0 0 1 0 0 1 0 0 1 0 0 1 0 1 1 1 0 1 1 1 1 1 0 0 0 1 1 1
 0 1 1 1 0 1 1 1 1 1 1 1 0 1 1 0 0 1 0 0 0 0 1 1 1 0 1 1 0 0 0 1 0 1 1 1 0
 1 1 1 1 1 1 1 0 0 1 1 1 1 1 1 0 1 1 1 1 0 1 1 0 0 1 1 1 1 0 0 1 1 0 1 0 1
 0 0 0 1 1 1 0 0 0 1 1 0 1 0 1 0 0 1 1 1 1 0 1 0 0 0 1 1 0 0 1 1 1 0]
2022-02-15 22:18:02,282 - pyswarms.discrete.binary - INFO - Optimize for 300 iters with {'c1': 1.5, 'c2': 1.6, 'w': 0.8, 'k': 30, 'p': 2}
2022-02-15 22:18:59,282 - pyswarms.discrete.binary - INFO - Optimization finished | best cost: 0.058252427184465994, best pos: [1 1 1 1 0 0 1 1 1 1 0 1 0 0 0 1 0 1 1 1 0 1 0 1 1 0 1 1 0 0 1 0 1 1 0 1 0
 1 0 1 0 1 0 1 1 0 1 0 1 1 1 1 1 1 0 1 1 1 0 1 1 1 1 1 0 1 1 0 0 0 0 0 1 0
 0 1 0 0 1 0 1 1 1 1 1 1 0 1 0 1 1 0 1 0 1 0 0 0 1 0 0 0 0 0 1 0 0 0 0 0 1
 1 1 0 1 0 1 1 0 1 0 0 1 0 0 0 1 1 0 1 0 1 1 0 0 1 0 0 1 1 0 0 1 1 1 1 0 1
 1 0 1 0 0 1 0 0 1 0 1 1 0 1 1 0 0 0 0 1 1 0 1 0 1 1 0 1 1 0 1 1 1 0 1 0 1
 0 1 1 1 0 0 1 0 0 1 0 1 0 1 0 1 0 0 1 1 1 1 0 1 1 0 1 0 1 1 0 0 0 1 1 0 0
 0 1 0 1 1 0 0 0 0 0 1 1 1 1 0 1 0 0 0 0 0 1 0 0 0 0 1 1 1 1 1 0 1 0]
2022-02-15 22:19:30,738 - pyswarms.discrete.binary - INFO - Optimize for 300 iters with {'c1': 1.4, 'c2': 1.6, 'w': 0.7, 'k': 35, 'p': 2}
2022-02-15 22:20:35,561 - pyswarms.discrete.binary - INFO - Optimization finished | best cost: 0.03883495145631066, best pos: [1 1 1 1 0 0 1 1 0 1 1 1 0 0 0 0 1 1 1 1 0 1 1 1 1 1 1 1 1 0 1 0 1 0 1 0 1
 0 1 1 0 1 0 1 1 1 0 0 0 0 1 1 0 0 1 1 1 1 0 1 0 1 1 1 1 1 0 0 0 0 0 1 1 1
 1 0 0 0 0 1 1 0 0 0 0 1 0 0 1 1 0 0 1 0 0 1 1 0 1 1 1 0 1 1 1 1 1 1 1 0 1
 0 0 0 0 1 0 1 1 1 0 1 1 0 0 0 1 0 1 1 1 0 0 1 0 1 1 0 1 1 0 1 0 0 0 0 1 1
 1 0 1 1 1 0 1 0 1 1 0 0 0 0 1 0 0 0 1 0 1 0 1 1 0 1 0 1 0 1 0 0 1 0 0 0 0
 0 1 0 0 0 1 1 1 0 1 1 1 1 0 0 1 1 1 1 0 1 0 0 0 0 1 1 0 1 1 1 0 1 1 0 1 0
 0 1 1 0 1 0 0 1 1 1 0 1 0 0 0 1 1 1 0 0 1 1 1 0 0 0 0 0 1 1 1 0 0 1]
2022-02-15 22:21:21,633 - pyswarms.discrete.binary - INFO - Optimize for 500 iters with {'c1': 1.5, 'c2': 1.6, 'w': 0.9, 'k': 100, 'p': 2}
2022-02-15 22:27:06,033 - pyswarms.discrete.binary - INFO - Optimization finished | best cost: 0.029126213592232997, best pos: [1 1 1 1 1 0 1 1 0 1 0 1 0 0 0 1 0 0 1 1 0 1 1 1 0 1 1 1 0 0 1 1 0 1 1 0 1
 1 1 0 0 1 0 1 1 1 0 0 1 0 1 0 1 0 0 1 1 1 0 1 1 1 0 0 0 1 0 1 0 0 0 0 1 0
 1 1 1 1 0 0 1 0 0 1 0 0 0 1 0 0 0 1 1 0 0 1 0 0 0 0 0 1 0 0 1 0 0 0 1 0 1
 1 1 0 1 1 1 0 1 1 0 0 1 0 0 0 1 1 1 1 0 0 1 1 1 1 1 0 0 0 1 0 1 1 1 0 1 1
 0 1 0 0 1 1 0 1 1 1 1 0 1 0 1 0 0 0 0 0 0 0 0 0 0 0 0 1 1 1 0 0 0 0 0 0 1
 0 1 0 1 1 0 1 1 0 1 0 1 0 0 0 0 1 1 0 1 0 0 0 0 0 0 0 0 0 0 0 1 0 1 1 1 1
 1 1 1 0 1 0 0 1 0 0 1 0 1 1 1 0 1 0 0 0 0 0 1 0 1 0 1 0 0 1 1 1 1 0]
2022-02-15 22:27:44,797 - pyswarms.discrete.binary - INFO - Optimize for 256 iters with {'c1': 1.5, 'c2': 1.6, 'w': 0.9, 'k': 100, 'p': 2}
2022-02-15 22:27:56,317 - pyswarms.discrete.binary - INFO - Optimize for 500 iters with {'c1': 1.5, 'c2': 1.6, 'w': 0.9, 'k': 256, 'p': 2}
2022-02-15 22:31:16,484 - pyswarms.discrete.binary - INFO - Optimize for 500 iters with {'c1': 1.5, 'c2': 1.6, 'w': 0.9, 'k': 100, 'p': 2}
2022-02-15 22:37:20,061 - pyswarms.discrete.binary - INFO - Optimization finished | best cost: 0.03883495145631066, best pos: [1 1 1 1 0 0 1 1 0 1 1 1 1 0 1 1 0 1 0 1 0 1 1 1 1 0 1 1 0 0 1 1 1 1 1 1 1
 1 1 1 1 0 1 1 0 1 1 1 0 0 1 1 1 1 0 0 0 0 0 1 1 1 1 0 1 1 1 0 1 0 1 0 1 0
 0 1 1 0 1 1 1 1 0 1 0 0 1 0 0 1 0 0 1 0 1 0 1 0 0 1 1 0 0 0 0 0 1 0 0 0 1
 1 0 0 0 0 0 1 0 1 0 0 1 1 1 0 1 0 0 1 0 1 1 1 1 1 1 1 1 1 1 1 1 1 0 1 1 0
 1 0 0 1 1 1 0 1 1 1 1 1 0 1 1 0 0 1 0 1 0 0 0 1 0 0 0 1 0 1 0 0 0 0 1 0 1
 1 1 1 1 0 1 1 1 1 1 1 1 0 1 1 0 0 1 0 0 1 1 1 1 0 1 0 1 1 0 0 0 0 1 0 1 0
 1 0 0 1 1 0 0 0 0 1 1 0 1 0 0 1 0 1 1 1 0 1 1 0 1 1 1 0 0 0 1 1 0 1]
2022-02-15 22:37:57,715 - pyswarms.discrete.binary - INFO - Optimize for 500 iters with {'c1': 1.5, 'c2': 1.6, 'w': 0.9, 'k': 100, 'p': 2}
2022-02-15 22:38:48,525 - pyswarms.discrete.binary - INFO - Optimize for 500 iters with {'c1': 1.5, 'c2': 1.6, 'w': 0.95, 'k': 100, 'p': 2}
2022-02-15 22:44:49,438 - pyswarms.discrete.binary - INFO - Optimization finished | best cost: 0.029126213592232997, best pos: [1 1 1 1 1 0 1 1 1 1 1 1 1 1 1 0 0 1 0 0 0 0 1 1 1 0 1 0 0 0 1 0 0 0 1 1 0
 1 1 0 1 1 1 0 0 0 1 1 0 1 1 1 1 0 1 1 0 1 0 0 1 0 0 0 0 0 1 1 0 1 1 1 0 0
 1 0 0 0 1 1 1 0 0 0 0 1 0 1 1 0 0 0 1 1 1 0 0 0 1 1 0 0 0 0 1 0 0 1 1 1 1
 1 0 1 0 0 0 0 1 0 0 0 1 1 1 0 0 1 1 0 1 1 1 1 0 0 1 0 0 0 1 0 1 0 0 1 1 1
 1 1 1 0 0 0 0 0 1 1 0 1 0 0 1 1 0 1 0 1 1 0 1 1 0 1 1 1 1 1 0 0 1 1 1 1 1
 1 1 0 1 1 0 0 1 0 1 0 1 0 1 0 1 1 0 0 1 0 0 0 1 0 1 0 1 1 1 1 0 0 1 1 1 0
 1 1 1 0 0 0 0 0 1 1 0 0 1 0 0 0 0 1 1 0 1 0 0 0 1 0 1 0 0 1 1 1 1 0]
